<?xml version="1.0" encoding="UTF-8"?>
<!-- Generated by org.testng.reporters.JUnitReportReporter -->
<testsuite hostname="RONZUs-MBP" failures="0" tests="1" name="com.GitAbc" time="0.080" errors="0" timestamp="2023-10-15T23:45:04 EDT" skipped="0">
  <testcase classname="com.GitAbc" name="git2" time="0.080"/>
</testsuite> <!-- com.GitAbc -->
